-------------------------------------------------------------------------------
Test set: com.revature.service.ReimbursementServiceTests
-------------------------------------------------------------------------------
Tests run: 9, Failures: 0, Errors: 1, Skipped: 0, Time elapsed: 0.031 s <<< FAILURE! - in com.revature.service.ReimbursementServiceTests
mockExampleCreateRequestPositive(com.revature.service.ReimbursementServiceTests)  Time elapsed: 0.02 s  <<< ERROR!
java.lang.NullPointerException
	at com.revature.service.ReimbursementServiceTests.mockExampleCreateRequestPositive(ReimbursementServiceTests.java:146)

