<?xml version="1.0" encoding="UTF-8"?>
<testsuite xmlns:xsi="http://www.w3.org/2001/XMLSchema-instance" xsi:noNamespaceSchemaLocation="https://maven.apache.org/surefire/maven-surefire-plugin/xsd/surefire-test-report.xsd" name="com.automation.runner.TestRunner" time="131.272" tests="11" errors="9" skipped="0" failures="0">
  <properties>
[...]
</properties>
  <testcase name="As an employee, I want to add a reimbursement request amount so I can inform my manager how much I&apos;d like to be reimbursed (POSITIVE)" classname="Employees of our reimbursement application should add a request amount up to $1000 in a request" time="17.156">
    <error message="Expected condition failed: waiting for alert to be present (tried for 15 second(s) with 500 milliseconds interval)&#10;Build info: version: &apos;3.141.59&apos;, revision: &apos;e82be7d358&apos;, time: &apos;2018-11-14T08:17:03&apos;&#10;System info: host: &apos;maurices-MBP&apos;, ip: &apos;2600:4040:a621:a700:4190:db6a:d12:8139%en0&apos;, os.name: &apos;Mac OS X&apos;, os.arch: &apos;x86_64&apos;, os.version: &apos;12.4&apos;, java.version: &apos;1.8.0_333&apos;&#10;Driver info: org.openqa.selenium.chrome.ChromeDriver&#10;Capabilities {acceptInsecureCerts: false, browserName: chrome, browserVersion: 103.0.5060.53, chrome: {chromedriverVersion: 103.0.5060.53 (a1711811edd7..., userDataDir: /var/folders/8r/c6ng1t951kn...}, goog:chromeOptions: {debuggerAddress: localhost:50564}, javascriptEnabled: true, networkConnectionEnabled: false, pageLoadStrategy: normal, platform: MAC, platformName: MAC, proxy: Proxy(), setWindowRect: true, strictFileInteractability: false, timeouts: {implicit: 0, pageLoad: 300000, script: 30000}, unhandledPromptBehavior: dismiss and notify, webauthn:extension:credBlob: true, webauthn:extension:largeBlob: true, webauthn:virtualAuthenticators: true}&#10;Session ID: 1acf244507ecb0432d07d408f2bec86c" type="org.openqa.selenium.TimeoutException">org.openqa.selenium.TimeoutException: 
Expected condition failed: waiting for alert to be present (tried for 15 second(s) with 500 milliseconds interval)
Build info: version: '3.141.59', revision: 'e82be7d358', time: '2018-11-14T08:17:03'
System info: host: 'maurices-MBP', ip: '2600:4040:a621:a700:4190:db6a:d12:8139%en0', os.name: 'Mac OS X', os.arch: 'x86_64', os.version: '12.4', java.version: '1.8.0_333'
Driver info: org.openqa.selenium.chrome.ChromeDriver
Capabilities {acceptInsecureCerts: false, browserName: chrome, browserVersion: 103.0.5060.53, chrome: {chromedriverVersion: 103.0.5060.53 (a1711811edd7..., userDataDir: /var/folders/8r/c6ng1t951kn...}, goog:chromeOptions: {debuggerAddress: localhost:50564}, javascriptEnabled: true, networkConnectionEnabled: false, pageLoadStrategy: normal, platform: MAC, platformName: MAC, proxy: Proxy(), setWindowRect: true, strictFileInteractability: false, timeouts: {implicit: 0, pageLoad: 300000, script: 30000}, unhandledPromptBehavior: dismiss and notify, webauthn:extension:credBlob: true, webauthn:extension:largeBlob: true, webauthn:virtualAuthenticators: true}
Session ID: 1acf244507ecb0432d07d408f2bec86c
</error>
    <system-out><![CDATA[
Scenario: As an employee, I want to add a reimbursement request amount so I can inform my manager how much I'd like to be reimbursed (POSITIVE) &amp#27;[90m# features/EmployeeAmount.feature:3&amp#27;[0m
  &amp#27;[32mGiven &amp#27;[0m&amp#27;[32mthe employee is on their personal employee homepage&amp#27;[0m                                                                                     &amp#27;[90m# com.automation.steps.EmployeeCommonSteps.the_employee_is_on_their_personal_employee_homepage()&amp#27;[0m
  &amp#27;[32mWhen &amp#27;[0m&amp#27;[32mthe employee enters in a new reimbursement request title&amp#27;[0m                                                                                 &amp#27;[90m# com.automation.steps.EmployeeCommonSteps.the_employee_enters_in_a_new_reimbursement_request_title()&amp#27;[0m
  &amp#27;[32mWhen &amp#27;[0m&amp#27;[32mthe employee enters in a new reimbursement request description&amp#27;[0m                                                                           &amp#27;[90m# com.automation.steps.EmployeeCommonSteps.the_employee_enters_in_a_new_reimbursement_request_description()&amp#27;[0m
  &amp#27;[32mWhen &amp#27;[0m&amp#27;[32mthe employee enters in a new reimbursement request amount up to $1000&amp#27;[0m                                                                    &amp#27;[90m# com.automation.steps.EmployeeRequestSteps.the_employee_enters_in_a_new_reimbursement_request_amount_up_to_$1000()&amp#27;[0m
  &amp#27;[31mWhen &amp#27;[0m&amp#27;[31mthe employee presses submit&amp#27;[0m                                                                                                              &amp#27;[90m# com.automation.steps.EmployeeCommonSteps.the_employee_presses_submit()&amp#27;[0m
      &amp#27;[31morg.openqa.selenium.TimeoutException: Expected condition failed: waiting for alert to be present (tried for 15 second(s) with 500 milliseconds interval)
Build info: version: '3.141.59', revision: 'e82be7d358', time: '2018-11-14T08:17:03'
System info: host: 'maurices-MBP', ip: '2600:4040:a621:a700:4190:db6a:d12:8139%en0', os.name: 'Mac OS X', os.arch: 'x86_64', os.version: '12.4', java.version: '1.8.0_333'
Driver info: org.openqa.selenium.chrome.ChromeDriver
Capabilities {acceptInsecureCerts: false, browserName: chrome, browserVersion: 103.0.5060.53, chrome: {chromedriverVersion: 103.0.5060.53 (a1711811edd7..., userDataDir: /var/folders/8r/c6ng1t951kn...}, goog:chromeOptions: {debuggerAddress: localhost:50564}, javascriptEnabled: true, networkConnectionEnabled: false, pageLoadStrategy: normal, platform: MAC, platformName: MAC, proxy: Proxy(), setWindowRect: true, strictFileInteractability: false, timeouts: {implicit: 0, pageLoad: 300000, script: 30000}, unhandledPromptBehavior: dismiss and notify, webauthn:extension:credBlob: true, webauthn:extension:largeBlob: true, webauthn:virtualAuthenticators: true}
Session ID: 1acf244507ecb0432d07d408f2bec86c
	at org.openqa.selenium.support.ui.WebDriverWait.timeoutException(WebDriverWait.java:95)
	at org.openqa.selenium.support.ui.FluentWait.until(FluentWait.java:272)
	at com.automation.poms.EmployeeCommon.employeeClickSubmitButton(EmployeeCommon.java:49)
	at com.automation.steps.EmployeeCommonSteps.the_employee_presses_submit(EmployeeCommonSteps.java:59)
	at ✽.the employee presses submit(classpath:features/EmployeeAmount.feature:9)
&amp#27;[0m
  &amp#27;[36mThen &amp#27;[0m&amp#27;[36mthe employee should have created a new reimbursement request with a pending status&amp#27;[0m                                                       &amp#27;[90m# com.automation.steps.EmployeeCommonSteps.the_employee_should_have_created_a_new_reimbursement_request_with_a_pending_status()&amp#27;[0m
]]></system-out>
    <system-err><![CDATA[Starting ChromeDriver 103.0.5060.53 (a1711811edd74ff1cf2150f36ffa3b0dae40b17f-refs/branch-heads/5060@{#853}) on port 42702
Only local connections are allowed.
Please see https://chromedriver.chromium.org/security-considerations for suggestions on keeping ChromeDriver safe.
ChromeDriver was started successfully.
Jul 29, 2022 11:49:10 AM org.openqa.selenium.remote.ProtocolHandshake createSession
INFO: Detected dialect: W3C
]]></system-err>
  </testcase>
  <testcase name="As an employee, I want to add a reimbursement request description so my request is more organized (POSITIVE)" classname="Employees of our reimbursement application should add a 500 character maximum reimbursement request description" time="16.023">
    <error message="Expected condition failed: waiting for alert to be present (tried for 15 second(s) with 500 milliseconds interval)&#10;Build info: version: &apos;3.141.59&apos;, revision: &apos;e82be7d358&apos;, time: &apos;2018-11-14T08:17:03&apos;&#10;System info: host: &apos;maurices-MBP&apos;, ip: &apos;2600:4040:a621:a700:4190:db6a:d12:8139%en0&apos;, os.name: &apos;Mac OS X&apos;, os.arch: &apos;x86_64&apos;, os.version: &apos;12.4&apos;, java.version: &apos;1.8.0_333&apos;&#10;Driver info: org.openqa.selenium.chrome.ChromeDriver&#10;Capabilities {acceptInsecureCerts: false, browserName: chrome, browserVersion: 103.0.5060.53, chrome: {chromedriverVersion: 103.0.5060.53 (a1711811edd7..., userDataDir: /var/folders/8r/c6ng1t951kn...}, goog:chromeOptions: {debuggerAddress: localhost:50564}, javascriptEnabled: true, networkConnectionEnabled: false, pageLoadStrategy: normal, platform: MAC, platformName: MAC, proxy: Proxy(), setWindowRect: true, strictFileInteractability: false, timeouts: {implicit: 0, pageLoad: 300000, script: 30000}, unhandledPromptBehavior: dismiss and notify, webauthn:extension:credBlob: true, webauthn:extension:largeBlob: true, webauthn:virtualAuthenticators: true}&#10;Session ID: 1acf244507ecb0432d07d408f2bec86c" type="org.openqa.selenium.TimeoutException">org.openqa.selenium.TimeoutException: 
Expected condition failed: waiting for alert to be present (tried for 15 second(s) with 500 milliseconds interval)
Build info: version: '3.141.59', revision: 'e82be7d358', time: '2018-11-14T08:17:03'
System info: host: 'maurices-MBP', ip: '2600:4040:a621:a700:4190:db6a:d12:8139%en0', os.name: 'Mac OS X', os.arch: 'x86_64', os.version: '12.4', java.version: '1.8.0_333'
Driver info: org.openqa.selenium.chrome.ChromeDriver
Capabilities {acceptInsecureCerts: false, browserName: chrome, browserVersion: 103.0.5060.53, chrome: {chromedriverVersion: 103.0.5060.53 (a1711811edd7..., userDataDir: /var/folders/8r/c6ng1t951kn...}, goog:chromeOptions: {debuggerAddress: localhost:50564}, javascriptEnabled: true, networkConnectionEnabled: false, pageLoadStrategy: normal, platform: MAC, platformName: MAC, proxy: Proxy(), setWindowRect: true, strictFileInteractability: false, timeouts: {implicit: 0, pageLoad: 300000, script: 30000}, unhandledPromptBehavior: dismiss and notify, webauthn:extension:credBlob: true, webauthn:extension:largeBlob: true, webauthn:virtualAuthenticators: true}
Session ID: 1acf244507ecb0432d07d408f2bec86c
</error>
    <system-out><![CDATA[
Scenario: As an employee, I want to add a reimbursement request description so my request is more organized (POSITIVE) &amp#27;[90m# features/EmployeeDesc.feature:3&amp#27;[0m
  &amp#27;[32mGiven &amp#27;[0m&amp#27;[32mthe employee is on their personal employee homepage&amp#27;[0m                                                            &amp#27;[90m# com.automation.steps.EmployeeCommonSteps.the_employee_is_on_their_personal_employee_homepage()&amp#27;[0m
  &amp#27;[32mWhen &amp#27;[0m&amp#27;[32mthe employee enters in a new reimbursement request title&amp#27;[0m                                                        &amp#27;[90m# com.automation.steps.EmployeeCommonSteps.the_employee_enters_in_a_new_reimbursement_request_title()&amp#27;[0m
  &amp#27;[32mWhen &amp#27;[0m&amp#27;[32mthe employee enters in a 500 character maximum reimbursement request description&amp#27;[0m                                &amp#27;[90m# com.automation.steps.EmployeeRequestSteps.the_employee_enters_in_a_500_character_maximum_reimbursement_request_description()&amp#27;[0m
  &amp#27;[32mWhen &amp#27;[0m&amp#27;[32mthe employee enters in a new reimbursement request amount&amp#27;[0m                                                       &amp#27;[90m# com.automation.steps.EmployeeCommonSteps.the_employee_enters_in_a_new_reimbursement_request_amount()&amp#27;[0m
  &amp#27;[31mWhen &amp#27;[0m&amp#27;[31mthe employee presses submit&amp#27;[0m                                                                                     &amp#27;[90m# com.automation.steps.EmployeeCommonSteps.the_employee_presses_submit()&amp#27;[0m
      &amp#27;[31morg.openqa.selenium.TimeoutException: Expected condition failed: waiting for alert to be present (tried for 15 second(s) with 500 milliseconds interval)
Build info: version: '3.141.59', revision: 'e82be7d358', time: '2018-11-14T08:17:03'
System info: host: 'maurices-MBP', ip: '2600:4040:a621:a700:4190:db6a:d12:8139%en0', os.name: 'Mac OS X', os.arch: 'x86_64', os.version: '12.4', java.version: '1.8.0_333'
Driver info: org.openqa.selenium.chrome.ChromeDriver
Capabilities {acceptInsecureCerts: false, browserName: chrome, browserVersion: 103.0.5060.53, chrome: {chromedriverVersion: 103.0.5060.53 (a1711811edd7..., userDataDir: /var/folders/8r/c6ng1t951kn...}, goog:chromeOptions: {debuggerAddress: localhost:50564}, javascriptEnabled: true, networkConnectionEnabled: false, pageLoadStrategy: normal, platform: MAC, platformName: MAC, proxy: Proxy(), setWindowRect: true, strictFileInteractability: false, timeouts: {implicit: 0, pageLoad: 300000, script: 30000}, unhandledPromptBehavior: dismiss and notify, webauthn:extension:credBlob: true, webauthn:extension:largeBlob: true, webauthn:virtualAuthenticators: true}
Session ID: 1acf244507ecb0432d07d408f2bec86c
	at org.openqa.selenium.support.ui.WebDriverWait.timeoutException(WebDriverWait.java:95)
	at org.openqa.selenium.support.ui.FluentWait.until(FluentWait.java:272)
	at com.automation.poms.EmployeeCommon.employeeClickSubmitButton(EmployeeCommon.java:49)
	at com.automation.steps.EmployeeCommonSteps.the_employee_presses_submit(EmployeeCommonSteps.java:59)
	at ✽.the employee presses submit(classpath:features/EmployeeDesc.feature:9)
&amp#27;[0m
  &amp#27;[36mThen &amp#27;[0m&amp#27;[36mthe employee should have created a new reimbursement request with a pending status&amp#27;[0m                              &amp#27;[90m# com.automation.steps.EmployeeCommonSteps.the_employee_should_have_created_a_new_reimbursement_request_with_a_pending_status()&amp#27;[0m
]]></system-out>
  </testcase>
  <testcase name="As an employee, I want to sign in so I can view my custom homepage when I enter the correct credentials (POSITIVE)" classname="Employees of our reimbursement application should be able to log in to their personal employee homepage" time="6.38">
    <error message="Expected condition failed: waiting for title to be &quot;Employee Page&quot;. Current title: &quot;Login Page&quot; (tried for 5 second(s) with 500 milliseconds interval)&#10;Build info: version: &apos;3.141.59&apos;, revision: &apos;e82be7d358&apos;, time: &apos;2018-11-14T08:17:03&apos;&#10;System info: host: &apos;maurices-MBP&apos;, ip: &apos;2600:4040:a621:a700:4190:db6a:d12:8139%en0&apos;, os.name: &apos;Mac OS X&apos;, os.arch: &apos;x86_64&apos;, os.version: &apos;12.4&apos;, java.version: &apos;1.8.0_333&apos;&#10;Driver info: org.openqa.selenium.chrome.ChromeDriver&#10;Capabilities {acceptInsecureCerts: false, browserName: chrome, browserVersion: 103.0.5060.53, chrome: {chromedriverVersion: 103.0.5060.53 (a1711811edd7..., userDataDir: /var/folders/8r/c6ng1t951kn...}, goog:chromeOptions: {debuggerAddress: localhost:50564}, javascriptEnabled: true, networkConnectionEnabled: false, pageLoadStrategy: normal, platform: MAC, platformName: MAC, proxy: Proxy(), setWindowRect: true, strictFileInteractability: false, timeouts: {implicit: 0, pageLoad: 300000, script: 30000}, unhandledPromptBehavior: dismiss and notify, webauthn:extension:credBlob: true, webauthn:extension:largeBlob: true, webauthn:virtualAuthenticators: true}&#10;Session ID: 1acf244507ecb0432d07d408f2bec86c" type="org.openqa.selenium.TimeoutException">org.openqa.selenium.TimeoutException: 
Expected condition failed: waiting for title to be "Employee Page". Current title: "Login Page" (tried for 5 second(s) with 500 milliseconds interval)
Build info: version: '3.141.59', revision: 'e82be7d358', time: '2018-11-14T08:17:03'
System info: host: 'maurices-MBP', ip: '2600:4040:a621:a700:4190:db6a:d12:8139%en0', os.name: 'Mac OS X', os.arch: 'x86_64', os.version: '12.4', java.version: '1.8.0_333'
Driver info: org.openqa.selenium.chrome.ChromeDriver
Capabilities {acceptInsecureCerts: false, browserName: chrome, browserVersion: 103.0.5060.53, chrome: {chromedriverVersion: 103.0.5060.53 (a1711811edd7..., userDataDir: /var/folders/8r/c6ng1t951kn...}, goog:chromeOptions: {debuggerAddress: localhost:50564}, javascriptEnabled: true, networkConnectionEnabled: false, pageLoadStrategy: normal, platform: MAC, platformName: MAC, proxy: Proxy(), setWindowRect: true, strictFileInteractability: false, timeouts: {implicit: 0, pageLoad: 300000, script: 30000}, unhandledPromptBehavior: dismiss and notify, webauthn:extension:credBlob: true, webauthn:extension:largeBlob: true, webauthn:virtualAuthenticators: true}
Session ID: 1acf244507ecb0432d07d408f2bec86c
</error>
    <system-out><![CDATA[
Scenario: As an employee, I want to sign in so I can view my custom homepage when I enter the correct credentials (POSITIVE) &amp#27;[90m# features/EmployeeLogin.feature:3&amp#27;[0m
  &amp#27;[32mGiven &amp#27;[0m&amp#27;[32mthe employee is on the login page&amp#27;[0m                                                                                    &amp#27;[90m# com.automation.steps.EmployeeLoginSteps.the_employee_is_on_the_login_page()&amp#27;[0m
  &amp#27;[32mWhen &amp#27;[0m&amp#27;[32mthe employee enters in their correct user name&amp#27;[0m                                                                        &amp#27;[90m# com.automation.steps.EmployeeLoginSteps.the_employee_enters_in_their_correct_user_name()&amp#27;[0m
  &amp#27;[32mWhen &amp#27;[0m&amp#27;[32mthe employee enters in their correct password&amp#27;[0m                                                                         &amp#27;[90m# com.automation.steps.EmployeeLoginSteps.the_employee_enters_in_their_correct_password()&amp#27;[0m
  &amp#27;[32mWhen &amp#27;[0m&amp#27;[32mthe employee clicks the login button&amp#27;[0m                                                                                  &amp#27;[90m# com.automation.steps.EmployeeLoginSteps.the_employee_clicks_the_login_button()&amp#27;[0m
  &amp#27;[31mThen &amp#27;[0m&amp#27;[31mthe employee should be logged into the employee homepage&amp#27;[0m                                                              &amp#27;[90m# com.automation.steps.EmployeeLoginSteps.the_employee_should_be_logged_into_the_employee_homepage()&amp#27;[0m
      &amp#27;[31morg.openqa.selenium.TimeoutException: Expected condition failed: waiting for title to be "Employee Page". Current title: "Login Page" (tried for 5 second(s) with 500 milliseconds interval)
Build info: version: '3.141.59', revision: 'e82be7d358', time: '2018-11-14T08:17:03'
System info: host: 'maurices-MBP', ip: '2600:4040:a621:a700:4190:db6a:d12:8139%en0', os.name: 'Mac OS X', os.arch: 'x86_64', os.version: '12.4', java.version: '1.8.0_333'
Driver info: org.openqa.selenium.chrome.ChromeDriver
Capabilities {acceptInsecureCerts: false, browserName: chrome, browserVersion: 103.0.5060.53, chrome: {chromedriverVersion: 103.0.5060.53 (a1711811edd7..., userDataDir: /var/folders/8r/c6ng1t951kn...}, goog:chromeOptions: {debuggerAddress: localhost:50564}, javascriptEnabled: true, networkConnectionEnabled: false, pageLoadStrategy: normal, platform: MAC, platformName: MAC, proxy: Proxy(), setWindowRect: true, strictFileInteractability: false, timeouts: {implicit: 0, pageLoad: 300000, script: 30000}, unhandledPromptBehavior: dismiss and notify, webauthn:extension:credBlob: true, webauthn:extension:largeBlob: true, webauthn:virtualAuthenticators: true}
Session ID: 1acf244507ecb0432d07d408f2bec86c
	at org.openqa.selenium.support.ui.WebDriverWait.timeoutException(WebDriverWait.java:95)
	at org.openqa.selenium.support.ui.FluentWait.until(FluentWait.java:272)
	at com.automation.steps.EmployeeLoginSteps.the_employee_should_be_logged_into_the_employee_homepage(EmployeeLoginSteps.java:42)
	at ✽.the employee should be logged into the employee homepage(classpath:features/EmployeeLogin.feature:9)
&amp#27;[0m
]]></system-out>
  </testcase>
  <testcase name="As an employee, I want to sign out so I can prevent others from accessing my information (POSITIVE)" classname="Employees of our reimbursement application should be able to log out of their personal employee homepage" time="0.932"/>
  <testcase name="As an employee, I want to create a reimbursement request so I can get money back I spent for the company (POSITIVE)" classname="Employees of our reimbursement application should be able to create a reimbursement request" time="16.004">
    <error message="Expected condition failed: waiting for alert to be present (tried for 15 second(s) with 500 milliseconds interval)&#10;Build info: version: &apos;3.141.59&apos;, revision: &apos;e82be7d358&apos;, time: &apos;2018-11-14T08:17:03&apos;&#10;System info: host: &apos;maurices-MBP&apos;, ip: &apos;2600:4040:a621:a700:4190:db6a:d12:8139%en0&apos;, os.name: &apos;Mac OS X&apos;, os.arch: &apos;x86_64&apos;, os.version: &apos;12.4&apos;, java.version: &apos;1.8.0_333&apos;&#10;Driver info: org.openqa.selenium.chrome.ChromeDriver&#10;Capabilities {acceptInsecureCerts: false, browserName: chrome, browserVersion: 103.0.5060.53, chrome: {chromedriverVersion: 103.0.5060.53 (a1711811edd7..., userDataDir: /var/folders/8r/c6ng1t951kn...}, goog:chromeOptions: {debuggerAddress: localhost:50564}, javascriptEnabled: true, networkConnectionEnabled: false, pageLoadStrategy: normal, platform: MAC, platformName: MAC, proxy: Proxy(), setWindowRect: true, strictFileInteractability: false, timeouts: {implicit: 0, pageLoad: 300000, script: 30000}, unhandledPromptBehavior: dismiss and notify, webauthn:extension:credBlob: true, webauthn:extension:largeBlob: true, webauthn:virtualAuthenticators: true}&#10;Session ID: 1acf244507ecb0432d07d408f2bec86c" type="org.openqa.selenium.TimeoutException">org.openqa.selenium.TimeoutException: 
Expected condition failed: waiting for alert to be present (tried for 15 second(s) with 500 milliseconds interval)
Build info: version: '3.141.59', revision: 'e82be7d358', time: '2018-11-14T08:17:03'
System info: host: 'maurices-MBP', ip: '2600:4040:a621:a700:4190:db6a:d12:8139%en0', os.name: 'Mac OS X', os.arch: 'x86_64', os.version: '12.4', java.version: '1.8.0_333'
Driver info: org.openqa.selenium.chrome.ChromeDriver
Capabilities {acceptInsecureCerts: false, browserName: chrome, browserVersion: 103.0.5060.53, chrome: {chromedriverVersion: 103.0.5060.53 (a1711811edd7..., userDataDir: /var/folders/8r/c6ng1t951kn...}, goog:chromeOptions: {debuggerAddress: localhost:50564}, javascriptEnabled: true, networkConnectionEnabled: false, pageLoadStrategy: normal, platform: MAC, platformName: MAC, proxy: Proxy(), setWindowRect: true, strictFileInteractability: false, timeouts: {implicit: 0, pageLoad: 300000, script: 30000}, unhandledPromptBehavior: dismiss and notify, webauthn:extension:credBlob: true, webauthn:extension:largeBlob: true, webauthn:virtualAuthenticators: true}
Session ID: 1acf244507ecb0432d07d408f2bec86c
</error>
    <system-out><![CDATA[
Scenario: As an employee, I want to create a reimbursement request so I can get money back I spent for the company (POSITIVE) &amp#27;[90m# features/EmployeeRequest.feature:3&amp#27;[0m
  &amp#27;[32mGiven &amp#27;[0m&amp#27;[32mthe employee is on their personal employee homepage&amp#27;[0m                                                                   &amp#27;[90m# com.automation.steps.EmployeeCommonSteps.the_employee_is_on_their_personal_employee_homepage()&amp#27;[0m
  &amp#27;[32mWhen &amp#27;[0m&amp#27;[32mthe employee enters in a new reimbursement request title&amp#27;[0m                                                               &amp#27;[90m# com.automation.steps.EmployeeCommonSteps.the_employee_enters_in_a_new_reimbursement_request_title()&amp#27;[0m
  &amp#27;[32mWhen &amp#27;[0m&amp#27;[32mthe employee enters in a new reimbursement request amount&amp#27;[0m                                                              &amp#27;[90m# com.automation.steps.EmployeeCommonSteps.the_employee_enters_in_a_new_reimbursement_request_amount()&amp#27;[0m
  &amp#27;[32mWhen &amp#27;[0m&amp#27;[32mthe employee enters in a new reimbursement request description&amp#27;[0m                                                         &amp#27;[90m# com.automation.steps.EmployeeCommonSteps.the_employee_enters_in_a_new_reimbursement_request_description()&amp#27;[0m
  &amp#27;[31mWhen &amp#27;[0m&amp#27;[31mthe employee presses submit&amp#27;[0m                                                                                            &amp#27;[90m# com.automation.steps.EmployeeCommonSteps.the_employee_presses_submit()&amp#27;[0m
      &amp#27;[31morg.openqa.selenium.TimeoutException: Expected condition failed: waiting for alert to be present (tried for 15 second(s) with 500 milliseconds interval)
Build info: version: '3.141.59', revision: 'e82be7d358', time: '2018-11-14T08:17:03'
System info: host: 'maurices-MBP', ip: '2600:4040:a621:a700:4190:db6a:d12:8139%en0', os.name: 'Mac OS X', os.arch: 'x86_64', os.version: '12.4', java.version: '1.8.0_333'
Driver info: org.openqa.selenium.chrome.ChromeDriver
Capabilities {acceptInsecureCerts: false, browserName: chrome, browserVersion: 103.0.5060.53, chrome: {chromedriverVersion: 103.0.5060.53 (a1711811edd7..., userDataDir: /var/folders/8r/c6ng1t951kn...}, goog:chromeOptions: {debuggerAddress: localhost:50564}, javascriptEnabled: true, networkConnectionEnabled: false, pageLoadStrategy: normal, platform: MAC, platformName: MAC, proxy: Proxy(), setWindowRect: true, strictFileInteractability: false, timeouts: {implicit: 0, pageLoad: 300000, script: 30000}, unhandledPromptBehavior: dismiss and notify, webauthn:extension:credBlob: true, webauthn:extension:largeBlob: true, webauthn:virtualAuthenticators: true}
Session ID: 1acf244507ecb0432d07d408f2bec86c
	at org.openqa.selenium.support.ui.WebDriverWait.timeoutException(WebDriverWait.java:95)
	at org.openqa.selenium.support.ui.FluentWait.until(FluentWait.java:272)
	at com.automation.poms.EmployeeCommon.employeeClickSubmitButton(EmployeeCommon.java:49)
	at com.automation.steps.EmployeeCommonSteps.the_employee_presses_submit(EmployeeCommonSteps.java:59)
	at ✽.the employee presses submit(classpath:features/EmployeeRequest.feature:9)
&amp#27;[0m
  &amp#27;[36mThen &amp#27;[0m&amp#27;[36mthe employee should have created a new reimbursement request with a pending status&amp#27;[0m                                     &amp#27;[90m# com.automation.steps.EmployeeCommonSteps.the_employee_should_have_created_a_new_reimbursement_request_with_a_pending_status()&amp#27;[0m
]]></system-out>
  </testcase>
  <testcase name="As an employee, I want to add a reimbursement request title so my request is more organized (POSITIVE)" classname="Employees of our reimbursement application should add a 50 character maximum reimbursement request title" time="15.866">
    <error message="Expected condition failed: waiting for alert to be present (tried for 15 second(s) with 500 milliseconds interval)&#10;Build info: version: &apos;3.141.59&apos;, revision: &apos;e82be7d358&apos;, time: &apos;2018-11-14T08:17:03&apos;&#10;System info: host: &apos;maurices-MBP&apos;, ip: &apos;2600:4040:a621:a700:4190:db6a:d12:8139%en0&apos;, os.name: &apos;Mac OS X&apos;, os.arch: &apos;x86_64&apos;, os.version: &apos;12.4&apos;, java.version: &apos;1.8.0_333&apos;&#10;Driver info: org.openqa.selenium.chrome.ChromeDriver&#10;Capabilities {acceptInsecureCerts: false, browserName: chrome, browserVersion: 103.0.5060.53, chrome: {chromedriverVersion: 103.0.5060.53 (a1711811edd7..., userDataDir: /var/folders/8r/c6ng1t951kn...}, goog:chromeOptions: {debuggerAddress: localhost:50564}, javascriptEnabled: true, networkConnectionEnabled: false, pageLoadStrategy: normal, platform: MAC, platformName: MAC, proxy: Proxy(), setWindowRect: true, strictFileInteractability: false, timeouts: {implicit: 0, pageLoad: 300000, script: 30000}, unhandledPromptBehavior: dismiss and notify, webauthn:extension:credBlob: true, webauthn:extension:largeBlob: true, webauthn:virtualAuthenticators: true}&#10;Session ID: 1acf244507ecb0432d07d408f2bec86c" type="org.openqa.selenium.TimeoutException">org.openqa.selenium.TimeoutException: 
Expected condition failed: waiting for alert to be present (tried for 15 second(s) with 500 milliseconds interval)
Build info: version: '3.141.59', revision: 'e82be7d358', time: '2018-11-14T08:17:03'
System info: host: 'maurices-MBP', ip: '2600:4040:a621:a700:4190:db6a:d12:8139%en0', os.name: 'Mac OS X', os.arch: 'x86_64', os.version: '12.4', java.version: '1.8.0_333'
Driver info: org.openqa.selenium.chrome.ChromeDriver
Capabilities {acceptInsecureCerts: false, browserName: chrome, browserVersion: 103.0.5060.53, chrome: {chromedriverVersion: 103.0.5060.53 (a1711811edd7..., userDataDir: /var/folders/8r/c6ng1t951kn...}, goog:chromeOptions: {debuggerAddress: localhost:50564}, javascriptEnabled: true, networkConnectionEnabled: false, pageLoadStrategy: normal, platform: MAC, platformName: MAC, proxy: Proxy(), setWindowRect: true, strictFileInteractability: false, timeouts: {implicit: 0, pageLoad: 300000, script: 30000}, unhandledPromptBehavior: dismiss and notify, webauthn:extension:credBlob: true, webauthn:extension:largeBlob: true, webauthn:virtualAuthenticators: true}
Session ID: 1acf244507ecb0432d07d408f2bec86c
</error>
    <system-out><![CDATA[
Scenario: As an employee, I want to add a reimbursement request title so my request is more organized (POSITIVE) &amp#27;[90m# features/EmployeeTitle.feature:3&amp#27;[0m
  &amp#27;[32mGiven &amp#27;[0m&amp#27;[32mthe employee is on their personal employee homepage&amp#27;[0m                                                      &amp#27;[90m# com.automation.steps.EmployeeCommonSteps.the_employee_is_on_their_personal_employee_homepage()&amp#27;[0m
  &amp#27;[32mWhen &amp#27;[0m&amp#27;[32mthe employee enters in a 50 character maximum reimbursement request title&amp#27;[0m                                 &amp#27;[90m# com.automation.steps.EmployeeRequestSteps.the_employee_enters_in_a_50_character_maximum_reimbursement_request_title()&amp#27;[0m
  &amp#27;[32mWhen &amp#27;[0m&amp#27;[32mthe employee enters in a new reimbursement request amount&amp#27;[0m                                                 &amp#27;[90m# com.automation.steps.EmployeeCommonSteps.the_employee_enters_in_a_new_reimbursement_request_amount()&amp#27;[0m
  &amp#27;[32mWhen &amp#27;[0m&amp#27;[32mthe employee enters in a new reimbursement request description&amp#27;[0m                                            &amp#27;[90m# com.automation.steps.EmployeeCommonSteps.the_employee_enters_in_a_new_reimbursement_request_description()&amp#27;[0m
  &amp#27;[31mWhen &amp#27;[0m&amp#27;[31mthe employee presses submit&amp#27;[0m                                                                               &amp#27;[90m# com.automation.steps.EmployeeCommonSteps.the_employee_presses_submit()&amp#27;[0m
      &amp#27;[31morg.openqa.selenium.TimeoutException: Expected condition failed: waiting for alert to be present (tried for 15 second(s) with 500 milliseconds interval)
Build info: version: '3.141.59', revision: 'e82be7d358', time: '2018-11-14T08:17:03'
System info: host: 'maurices-MBP', ip: '2600:4040:a621:a700:4190:db6a:d12:8139%en0', os.name: 'Mac OS X', os.arch: 'x86_64', os.version: '12.4', java.version: '1.8.0_333'
Driver info: org.openqa.selenium.chrome.ChromeDriver
Capabilities {acceptInsecureCerts: false, browserName: chrome, browserVersion: 103.0.5060.53, chrome: {chromedriverVersion: 103.0.5060.53 (a1711811edd7..., userDataDir: /var/folders/8r/c6ng1t951kn...}, goog:chromeOptions: {debuggerAddress: localhost:50564}, javascriptEnabled: true, networkConnectionEnabled: false, pageLoadStrategy: normal, platform: MAC, platformName: MAC, proxy: Proxy(), setWindowRect: true, strictFileInteractability: false, timeouts: {implicit: 0, pageLoad: 300000, script: 30000}, unhandledPromptBehavior: dismiss and notify, webauthn:extension:credBlob: true, webauthn:extension:largeBlob: true, webauthn:virtualAuthenticators: true}
Session ID: 1acf244507ecb0432d07d408f2bec86c
	at org.openqa.selenium.support.ui.WebDriverWait.timeoutException(WebDriverWait.java:95)
	at org.openqa.selenium.support.ui.FluentWait.until(FluentWait.java:272)
	at com.automation.poms.EmployeeCommon.employeeClickSubmitButton(EmployeeCommon.java:49)
	at com.automation.steps.EmployeeCommonSteps.the_employee_presses_submit(EmployeeCommonSteps.java:59)
	at ✽.the employee presses submit(classpath:features/EmployeeTitle.feature:9)
&amp#27;[0m
  &amp#27;[36mThen &amp#27;[0m&amp#27;[36mthe employee should have created a new reimbursement request with a pending status&amp#27;[0m                        &amp#27;[90m# com.automation.steps.EmployeeCommonSteps.the_employee_should_have_created_a_new_reimbursement_request_with_a_pending_status()&amp#27;[0m
]]></system-out>
  </testcase>
  <testcase name="As a manager I want be able to approve reimbursement requests (POSITIVE)" classname="Managers of our reimbursement application should be able to approve reimbursement requests" time="15.916">
    <error message="Expected condition failed: waiting for alert to be present (tried for 15 second(s) with 500 milliseconds interval)&#10;Build info: version: &apos;3.141.59&apos;, revision: &apos;e82be7d358&apos;, time: &apos;2018-11-14T08:17:03&apos;&#10;System info: host: &apos;maurices-MBP&apos;, ip: &apos;2600:4040:a621:a700:4190:db6a:d12:8139%en0&apos;, os.name: &apos;Mac OS X&apos;, os.arch: &apos;x86_64&apos;, os.version: &apos;12.4&apos;, java.version: &apos;1.8.0_333&apos;&#10;Driver info: org.openqa.selenium.chrome.ChromeDriver&#10;Capabilities {acceptInsecureCerts: false, browserName: chrome, browserVersion: 103.0.5060.53, chrome: {chromedriverVersion: 103.0.5060.53 (a1711811edd7..., userDataDir: /var/folders/8r/c6ng1t951kn...}, goog:chromeOptions: {debuggerAddress: localhost:50564}, javascriptEnabled: true, networkConnectionEnabled: false, pageLoadStrategy: normal, platform: MAC, platformName: MAC, proxy: Proxy(), setWindowRect: true, strictFileInteractability: false, timeouts: {implicit: 0, pageLoad: 300000, script: 30000}, unhandledPromptBehavior: dismiss and notify, webauthn:extension:credBlob: true, webauthn:extension:largeBlob: true, webauthn:virtualAuthenticators: true}&#10;Session ID: 1acf244507ecb0432d07d408f2bec86c" type="org.openqa.selenium.TimeoutException">org.openqa.selenium.TimeoutException: 
Expected condition failed: waiting for alert to be present (tried for 15 second(s) with 500 milliseconds interval)
Build info: version: '3.141.59', revision: 'e82be7d358', time: '2018-11-14T08:17:03'
System info: host: 'maurices-MBP', ip: '2600:4040:a621:a700:4190:db6a:d12:8139%en0', os.name: 'Mac OS X', os.arch: 'x86_64', os.version: '12.4', java.version: '1.8.0_333'
Driver info: org.openqa.selenium.chrome.ChromeDriver
Capabilities {acceptInsecureCerts: false, browserName: chrome, browserVersion: 103.0.5060.53, chrome: {chromedriverVersion: 103.0.5060.53 (a1711811edd7..., userDataDir: /var/folders/8r/c6ng1t951kn...}, goog:chromeOptions: {debuggerAddress: localhost:50564}, javascriptEnabled: true, networkConnectionEnabled: false, pageLoadStrategy: normal, platform: MAC, platformName: MAC, proxy: Proxy(), setWindowRect: true, strictFileInteractability: false, timeouts: {implicit: 0, pageLoad: 300000, script: 30000}, unhandledPromptBehavior: dismiss and notify, webauthn:extension:credBlob: true, webauthn:extension:largeBlob: true, webauthn:virtualAuthenticators: true}
Session ID: 1acf244507ecb0432d07d408f2bec86c
</error>
    <system-out><![CDATA[
Scenario: As a manager I want be able to approve reimbursement requests (POSITIVE) &amp#27;[90m# features/ManagerApprove.feature:3&amp#27;[0m
  &amp#27;[32mGiven &amp#27;[0m&amp#27;[32mthe manager is on their personal manager homepage&amp#27;[0m                          &amp#27;[90m# com.automation.steps.ManagerCommonSteps.the_manager_is_on_their_personal_manager_homepage()&amp#27;[0m
  &amp#27;[32mWhen &amp#27;[0m&amp#27;[32mthe manager inputs a pending reimbursement request ID number&amp#27;[0m                &amp#27;[90m# com.automation.steps.ManagerCommonSteps.the_manager_inputs_a_pending_reimbursement_request_ID_number()&amp#27;[0m
  &amp#27;[32mWhen &amp#27;[0m&amp#27;[32mthe manager inputs a reason description&amp#27;[0m                                     &amp#27;[90m# com.automation.steps.ManagerCommonSteps.the_manager_inputs_a_reason_description()&amp#27;[0m
  &amp#27;[32mWhen &amp#27;[0m&amp#27;[32mthe manager selects approve&amp#27;[0m                                                 &amp#27;[90m# com.automation.steps.ManagerCommonSteps.the_manager_selects_approve()&amp#27;[0m
  &amp#27;[31mWhen &amp#27;[0m&amp#27;[31mthe manager clicks submit&amp#27;[0m                                                   &amp#27;[90m# com.automation.steps.ManagerCommonSteps.the_manager_clicks_submit()&amp#27;[0m
      &amp#27;[31morg.openqa.selenium.TimeoutException: Expected condition failed: waiting for alert to be present (tried for 15 second(s) with 500 milliseconds interval)
Build info: version: '3.141.59', revision: 'e82be7d358', time: '2018-11-14T08:17:03'
System info: host: 'maurices-MBP', ip: '2600:4040:a621:a700:4190:db6a:d12:8139%en0', os.name: 'Mac OS X', os.arch: 'x86_64', os.version: '12.4', java.version: '1.8.0_333'
Driver info: org.openqa.selenium.chrome.ChromeDriver
Capabilities {acceptInsecureCerts: false, browserName: chrome, browserVersion: 103.0.5060.53, chrome: {chromedriverVersion: 103.0.5060.53 (a1711811edd7..., userDataDir: /var/folders/8r/c6ng1t951kn...}, goog:chromeOptions: {debuggerAddress: localhost:50564}, javascriptEnabled: true, networkConnectionEnabled: false, pageLoadStrategy: normal, platform: MAC, platformName: MAC, proxy: Proxy(), setWindowRect: true, strictFileInteractability: false, timeouts: {implicit: 0, pageLoad: 300000, script: 30000}, unhandledPromptBehavior: dismiss and notify, webauthn:extension:credBlob: true, webauthn:extension:largeBlob: true, webauthn:virtualAuthenticators: true}
Session ID: 1acf244507ecb0432d07d408f2bec86c
	at org.openqa.selenium.support.ui.WebDriverWait.timeoutException(WebDriverWait.java:95)
	at org.openqa.selenium.support.ui.FluentWait.until(FluentWait.java:272)
	at com.automation.poms.ManagerCommon.submitDecision(ManagerCommon.java:61)
	at com.automation.steps.ManagerCommonSteps.the_manager_clicks_submit(ManagerCommonSteps.java:40)
	at ✽.the manager clicks submit(classpath:features/ManagerApprove.feature:9)
&amp#27;[0m
  &amp#27;[36mThen &amp#27;[0m&amp#27;[36mthe reimbursement request status should change from pending to approved&amp#27;[0m     &amp#27;[90m# com.automation.steps.ManagerRequestSteps.the_reimbursement_request_status_should_change_from_pending_to_approved()&amp#27;[0m
]]></system-out>
  </testcase>
  <testcase name="As a manager I want be able to deny reimbursement requests (POSITIVE)" classname="Managers of our reimbursement application should be able to deny reimbursement requessts" time="15.904">
    <error message="Expected condition failed: waiting for alert to be present (tried for 15 second(s) with 500 milliseconds interval)&#10;Build info: version: &apos;3.141.59&apos;, revision: &apos;e82be7d358&apos;, time: &apos;2018-11-14T08:17:03&apos;&#10;System info: host: &apos;maurices-MBP&apos;, ip: &apos;2600:4040:a621:a700:4190:db6a:d12:8139%en0&apos;, os.name: &apos;Mac OS X&apos;, os.arch: &apos;x86_64&apos;, os.version: &apos;12.4&apos;, java.version: &apos;1.8.0_333&apos;&#10;Driver info: org.openqa.selenium.chrome.ChromeDriver&#10;Capabilities {acceptInsecureCerts: false, browserName: chrome, browserVersion: 103.0.5060.53, chrome: {chromedriverVersion: 103.0.5060.53 (a1711811edd7..., userDataDir: /var/folders/8r/c6ng1t951kn...}, goog:chromeOptions: {debuggerAddress: localhost:50564}, javascriptEnabled: true, networkConnectionEnabled: false, pageLoadStrategy: normal, platform: MAC, platformName: MAC, proxy: Proxy(), setWindowRect: true, strictFileInteractability: false, timeouts: {implicit: 0, pageLoad: 300000, script: 30000}, unhandledPromptBehavior: dismiss and notify, webauthn:extension:credBlob: true, webauthn:extension:largeBlob: true, webauthn:virtualAuthenticators: true}&#10;Session ID: 1acf244507ecb0432d07d408f2bec86c" type="org.openqa.selenium.TimeoutException">org.openqa.selenium.TimeoutException: 
Expected condition failed: waiting for alert to be present (tried for 15 second(s) with 500 milliseconds interval)
Build info: version: '3.141.59', revision: 'e82be7d358', time: '2018-11-14T08:17:03'
System info: host: 'maurices-MBP', ip: '2600:4040:a621:a700:4190:db6a:d12:8139%en0', os.name: 'Mac OS X', os.arch: 'x86_64', os.version: '12.4', java.version: '1.8.0_333'
Driver info: org.openqa.selenium.chrome.ChromeDriver
Capabilities {acceptInsecureCerts: false, browserName: chrome, browserVersion: 103.0.5060.53, chrome: {chromedriverVersion: 103.0.5060.53 (a1711811edd7..., userDataDir: /var/folders/8r/c6ng1t951kn...}, goog:chromeOptions: {debuggerAddress: localhost:50564}, javascriptEnabled: true, networkConnectionEnabled: false, pageLoadStrategy: normal, platform: MAC, platformName: MAC, proxy: Proxy(), setWindowRect: true, strictFileInteractability: false, timeouts: {implicit: 0, pageLoad: 300000, script: 30000}, unhandledPromptBehavior: dismiss and notify, webauthn:extension:credBlob: true, webauthn:extension:largeBlob: true, webauthn:virtualAuthenticators: true}
Session ID: 1acf244507ecb0432d07d408f2bec86c
</error>
    <system-out><![CDATA[
Scenario: As a manager I want be able to deny reimbursement requests (POSITIVE) &amp#27;[90m# features/ManagerDeny.feature:3&amp#27;[0m
  &amp#27;[32mGiven &amp#27;[0m&amp#27;[32mthe manager is on their personal manager homepage&amp#27;[0m                       &amp#27;[90m# com.automation.steps.ManagerCommonSteps.the_manager_is_on_their_personal_manager_homepage()&amp#27;[0m
  &amp#27;[32mWhen &amp#27;[0m&amp#27;[32mthe manager inputs a pending reimbursement request ID number&amp#27;[0m             &amp#27;[90m# com.automation.steps.ManagerCommonSteps.the_manager_inputs_a_pending_reimbursement_request_ID_number()&amp#27;[0m
  &amp#27;[32mWhen &amp#27;[0m&amp#27;[32mthe manager inputs a reason description&amp#27;[0m                                  &amp#27;[90m# com.automation.steps.ManagerCommonSteps.the_manager_inputs_a_reason_description()&amp#27;[0m
  &amp#27;[32mWhen &amp#27;[0m&amp#27;[32mthe manager selects deny&amp#27;[0m                                                 &amp#27;[90m# com.automation.steps.ManagerRequestSteps.the_manager_selects_deny()&amp#27;[0m
  &amp#27;[31mWhen &amp#27;[0m&amp#27;[31mthe manager clicks submit&amp#27;[0m                                                &amp#27;[90m# com.automation.steps.ManagerCommonSteps.the_manager_clicks_submit()&amp#27;[0m
      &amp#27;[31morg.openqa.selenium.TimeoutException: Expected condition failed: waiting for alert to be present (tried for 15 second(s) with 500 milliseconds interval)
Build info: version: '3.141.59', revision: 'e82be7d358', time: '2018-11-14T08:17:03'
System info: host: 'maurices-MBP', ip: '2600:4040:a621:a700:4190:db6a:d12:8139%en0', os.name: 'Mac OS X', os.arch: 'x86_64', os.version: '12.4', java.version: '1.8.0_333'
Driver info: org.openqa.selenium.chrome.ChromeDriver
Capabilities {acceptInsecureCerts: false, browserName: chrome, browserVersion: 103.0.5060.53, chrome: {chromedriverVersion: 103.0.5060.53 (a1711811edd7..., userDataDir: /var/folders/8r/c6ng1t951kn...}, goog:chromeOptions: {debuggerAddress: localhost:50564}, javascriptEnabled: true, networkConnectionEnabled: false, pageLoadStrategy: normal, platform: MAC, platformName: MAC, proxy: Proxy(), setWindowRect: true, strictFileInteractability: false, timeouts: {implicit: 0, pageLoad: 300000, script: 30000}, unhandledPromptBehavior: dismiss and notify, webauthn:extension:credBlob: true, webauthn:extension:largeBlob: true, webauthn:virtualAuthenticators: true}
Session ID: 1acf244507ecb0432d07d408f2bec86c
	at org.openqa.selenium.support.ui.WebDriverWait.timeoutException(WebDriverWait.java:95)
	at org.openqa.selenium.support.ui.FluentWait.until(FluentWait.java:272)
	at com.automation.poms.ManagerCommon.submitDecision(ManagerCommon.java:61)
	at com.automation.steps.ManagerCommonSteps.the_manager_clicks_submit(ManagerCommonSteps.java:40)
	at ✽.the manager clicks submit(classpath:features/ManagerDeny.feature:9)
&amp#27;[0m
  &amp#27;[36mThen &amp#27;[0m&amp#27;[36mthe reimbursement request status should change from pending to denied&amp#27;[0m    &amp#27;[90m# com.automation.steps.ManagerRequestSteps.the_reimbursement_request_status_should_change_from_pending_to_denied()&amp#27;[0m
]]></system-out>
  </testcase>
  <testcase name="As a manager, I want to add a reimbursement request reason description so I can tell my employee why I approved or denied their request (POSITIVE)" classname="Managers of our reimbursement application should add a 500 character maximum reimbursement request reason description" time="15.929">
    <error message="Expected condition failed: waiting for alert to be present (tried for 15 second(s) with 500 milliseconds interval)&#10;Build info: version: &apos;3.141.59&apos;, revision: &apos;e82be7d358&apos;, time: &apos;2018-11-14T08:17:03&apos;&#10;System info: host: &apos;maurices-MBP&apos;, ip: &apos;2600:4040:a621:a700:4190:db6a:d12:8139%en0&apos;, os.name: &apos;Mac OS X&apos;, os.arch: &apos;x86_64&apos;, os.version: &apos;12.4&apos;, java.version: &apos;1.8.0_333&apos;&#10;Driver info: org.openqa.selenium.chrome.ChromeDriver&#10;Capabilities {acceptInsecureCerts: false, browserName: chrome, browserVersion: 103.0.5060.53, chrome: {chromedriverVersion: 103.0.5060.53 (a1711811edd7..., userDataDir: /var/folders/8r/c6ng1t951kn...}, goog:chromeOptions: {debuggerAddress: localhost:50564}, javascriptEnabled: true, networkConnectionEnabled: false, pageLoadStrategy: normal, platform: MAC, platformName: MAC, proxy: Proxy(), setWindowRect: true, strictFileInteractability: false, timeouts: {implicit: 0, pageLoad: 300000, script: 30000}, unhandledPromptBehavior: dismiss and notify, webauthn:extension:credBlob: true, webauthn:extension:largeBlob: true, webauthn:virtualAuthenticators: true}&#10;Session ID: 1acf244507ecb0432d07d408f2bec86c" type="org.openqa.selenium.TimeoutException">org.openqa.selenium.TimeoutException: 
Expected condition failed: waiting for alert to be present (tried for 15 second(s) with 500 milliseconds interval)
Build info: version: '3.141.59', revision: 'e82be7d358', time: '2018-11-14T08:17:03'
System info: host: 'maurices-MBP', ip: '2600:4040:a621:a700:4190:db6a:d12:8139%en0', os.name: 'Mac OS X', os.arch: 'x86_64', os.version: '12.4', java.version: '1.8.0_333'
Driver info: org.openqa.selenium.chrome.ChromeDriver
Capabilities {acceptInsecureCerts: false, browserName: chrome, browserVersion: 103.0.5060.53, chrome: {chromedriverVersion: 103.0.5060.53 (a1711811edd7..., userDataDir: /var/folders/8r/c6ng1t951kn...}, goog:chromeOptions: {debuggerAddress: localhost:50564}, javascriptEnabled: true, networkConnectionEnabled: false, pageLoadStrategy: normal, platform: MAC, platformName: MAC, proxy: Proxy(), setWindowRect: true, strictFileInteractability: false, timeouts: {implicit: 0, pageLoad: 300000, script: 30000}, unhandledPromptBehavior: dismiss and notify, webauthn:extension:credBlob: true, webauthn:extension:largeBlob: true, webauthn:virtualAuthenticators: true}
Session ID: 1acf244507ecb0432d07d408f2bec86c
</error>
    <system-out><![CDATA[
Scenario: As a manager, I want to add a reimbursement request reason description so I can tell my employee why I approved or denied their request (POSITIVE) &amp#27;[90m# features/ManagerDesc.feature:3&amp#27;[0m
  &amp#27;[32mGiven &amp#27;[0m&amp#27;[32mthe manager is on their personal manager homepage&amp#27;[0m                                                                                                    &amp#27;[90m# com.automation.steps.ManagerCommonSteps.the_manager_is_on_their_personal_manager_homepage()&amp#27;[0m
  &amp#27;[32mWhen &amp#27;[0m&amp#27;[32mthe manager inputs a pending reimbursement request ID number&amp#27;[0m                                                                                          &amp#27;[90m# com.automation.steps.ManagerCommonSteps.the_manager_inputs_a_pending_reimbursement_request_ID_number()&amp#27;[0m
  &amp#27;[32mWhen &amp#27;[0m&amp#27;[32mthe manager inputs in a 500 character maximum reimbursement request reason description&amp#27;[0m                                                                &amp#27;[90m# com.automation.steps.ManagerRequestSteps.the_manager_inputs_in_a_500_character_maximum_reimbursement_request_reason_description()&amp#27;[0m
  &amp#27;[32mWhen &amp#27;[0m&amp#27;[32mthe manager selects approve&amp#27;[0m                                                                                                                           &amp#27;[90m# com.automation.steps.ManagerCommonSteps.the_manager_selects_approve()&amp#27;[0m
  &amp#27;[31mWhen &amp#27;[0m&amp#27;[31mthe manager clicks submit&amp#27;[0m                                                                                                                             &amp#27;[90m# com.automation.steps.ManagerCommonSteps.the_manager_clicks_submit()&amp#27;[0m
      &amp#27;[31morg.openqa.selenium.TimeoutException: Expected condition failed: waiting for alert to be present (tried for 15 second(s) with 500 milliseconds interval)
Build info: version: '3.141.59', revision: 'e82be7d358', time: '2018-11-14T08:17:03'
System info: host: 'maurices-MBP', ip: '2600:4040:a621:a700:4190:db6a:d12:8139%en0', os.name: 'Mac OS X', os.arch: 'x86_64', os.version: '12.4', java.version: '1.8.0_333'
Driver info: org.openqa.selenium.chrome.ChromeDriver
Capabilities {acceptInsecureCerts: false, browserName: chrome, browserVersion: 103.0.5060.53, chrome: {chromedriverVersion: 103.0.5060.53 (a1711811edd7..., userDataDir: /var/folders/8r/c6ng1t951kn...}, goog:chromeOptions: {debuggerAddress: localhost:50564}, javascriptEnabled: true, networkConnectionEnabled: false, pageLoadStrategy: normal, platform: MAC, platformName: MAC, proxy: Proxy(), setWindowRect: true, strictFileInteractability: false, timeouts: {implicit: 0, pageLoad: 300000, script: 30000}, unhandledPromptBehavior: dismiss and notify, webauthn:extension:credBlob: true, webauthn:extension:largeBlob: true, webauthn:virtualAuthenticators: true}
Session ID: 1acf244507ecb0432d07d408f2bec86c
	at org.openqa.selenium.support.ui.WebDriverWait.timeoutException(WebDriverWait.java:95)
	at org.openqa.selenium.support.ui.FluentWait.until(FluentWait.java:272)
	at com.automation.poms.ManagerCommon.submitDecision(ManagerCommon.java:61)
	at com.automation.steps.ManagerCommonSteps.the_manager_clicks_submit(ManagerCommonSteps.java:40)
	at ✽.the manager clicks submit(classpath:features/ManagerDesc.feature:9)
&amp#27;[0m
  &amp#27;[36mThen &amp#27;[0m&amp#27;[36mthe reimbursement request status should change from pending to approved&amp#27;[0m                                                                               &amp#27;[90m# com.automation.steps.ManagerRequestSteps.the_reimbursement_request_status_should_change_from_pending_to_approved()&amp#27;[0m
]]></system-out>
  </testcase>
  <testcase name="As a manager I want to login in so I can view my custom homepage (POSITIVE)" classname="Managers of our reimbursement application should be able to log in to their personal manager homepage" time="5.853">
    <error message="Expected condition failed: waiting for title to be &quot;Manager Page&quot;. Current title: &quot;Login Page&quot; (tried for 5 second(s) with 500 milliseconds interval)&#10;Build info: version: &apos;3.141.59&apos;, revision: &apos;e82be7d358&apos;, time: &apos;2018-11-14T08:17:03&apos;&#10;System info: host: &apos;maurices-MBP&apos;, ip: &apos;2600:4040:a621:a700:4190:db6a:d12:8139%en0&apos;, os.name: &apos;Mac OS X&apos;, os.arch: &apos;x86_64&apos;, os.version: &apos;12.4&apos;, java.version: &apos;1.8.0_333&apos;&#10;Driver info: org.openqa.selenium.chrome.ChromeDriver&#10;Capabilities {acceptInsecureCerts: false, browserName: chrome, browserVersion: 103.0.5060.53, chrome: {chromedriverVersion: 103.0.5060.53 (a1711811edd7..., userDataDir: /var/folders/8r/c6ng1t951kn...}, goog:chromeOptions: {debuggerAddress: localhost:50564}, javascriptEnabled: true, networkConnectionEnabled: false, pageLoadStrategy: normal, platform: MAC, platformName: MAC, proxy: Proxy(), setWindowRect: true, strictFileInteractability: false, timeouts: {implicit: 0, pageLoad: 300000, script: 30000}, unhandledPromptBehavior: dismiss and notify, webauthn:extension:credBlob: true, webauthn:extension:largeBlob: true, webauthn:virtualAuthenticators: true}&#10;Session ID: 1acf244507ecb0432d07d408f2bec86c" type="org.openqa.selenium.TimeoutException">org.openqa.selenium.TimeoutException: 
Expected condition failed: waiting for title to be "Manager Page". Current title: "Login Page" (tried for 5 second(s) with 500 milliseconds interval)
Build info: version: '3.141.59', revision: 'e82be7d358', time: '2018-11-14T08:17:03'
System info: host: 'maurices-MBP', ip: '2600:4040:a621:a700:4190:db6a:d12:8139%en0', os.name: 'Mac OS X', os.arch: 'x86_64', os.version: '12.4', java.version: '1.8.0_333'
Driver info: org.openqa.selenium.chrome.ChromeDriver
Capabilities {acceptInsecureCerts: false, browserName: chrome, browserVersion: 103.0.5060.53, chrome: {chromedriverVersion: 103.0.5060.53 (a1711811edd7..., userDataDir: /var/folders/8r/c6ng1t951kn...}, goog:chromeOptions: {debuggerAddress: localhost:50564}, javascriptEnabled: true, networkConnectionEnabled: false, pageLoadStrategy: normal, platform: MAC, platformName: MAC, proxy: Proxy(), setWindowRect: true, strictFileInteractability: false, timeouts: {implicit: 0, pageLoad: 300000, script: 30000}, unhandledPromptBehavior: dismiss and notify, webauthn:extension:credBlob: true, webauthn:extension:largeBlob: true, webauthn:virtualAuthenticators: true}
Session ID: 1acf244507ecb0432d07d408f2bec86c
</error>
    <system-out><![CDATA[
Scenario: As a manager I want to login in so I can view my custom homepage (POSITIVE) &amp#27;[90m# features/ManagerLogin.feature:3&amp#27;[0m
  &amp#27;[32mGiven &amp#27;[0m&amp#27;[32mthe manager is on the login page&amp#27;[0m                                              &amp#27;[90m# com.automation.steps.ManagerLoginSteps.the_manager_is_on_the_login_page()&amp#27;[0m
  &amp#27;[32mWhen &amp#27;[0m&amp#27;[32mthe manager enters their correct username&amp#27;[0m                                      &amp#27;[90m# com.automation.steps.ManagerLoginSteps.the_manager_enters_their_correct_username()&amp#27;[0m
  &amp#27;[32mWhen &amp#27;[0m&amp#27;[32mthe manager enters their correct password&amp#27;[0m                                      &amp#27;[90m# com.automation.steps.ManagerLoginSteps.the_manager_enters_their_correct_password()&amp#27;[0m
  &amp#27;[32mWhen &amp#27;[0m&amp#27;[32mthe manager clicks the login button&amp#27;[0m                                            &amp#27;[90m# com.automation.steps.ManagerLoginSteps.the_manager_clicks_the_login_button()&amp#27;[0m
  &amp#27;[31mThen &amp#27;[0m&amp#27;[31mthe manager should be logged in to their manager home page&amp#27;[0m                     &amp#27;[90m# com.automation.steps.ManagerLoginSteps.the_manager_should_be_logged_in_to_their_manager_home_page()&amp#27;[0m
      &amp#27;[31morg.openqa.selenium.TimeoutException: Expected condition failed: waiting for title to be "Manager Page". Current title: "Login Page" (tried for 5 second(s) with 500 milliseconds interval)
Build info: version: '3.141.59', revision: 'e82be7d358', time: '2018-11-14T08:17:03'
System info: host: 'maurices-MBP', ip: '2600:4040:a621:a700:4190:db6a:d12:8139%en0', os.name: 'Mac OS X', os.arch: 'x86_64', os.version: '12.4', java.version: '1.8.0_333'
Driver info: org.openqa.selenium.chrome.ChromeDriver
Capabilities {acceptInsecureCerts: false, browserName: chrome, browserVersion: 103.0.5060.53, chrome: {chromedriverVersion: 103.0.5060.53 (a1711811edd7..., userDataDir: /var/folders/8r/c6ng1t951kn...}, goog:chromeOptions: {debuggerAddress: localhost:50564}, javascriptEnabled: true, networkConnectionEnabled: false, pageLoadStrategy: normal, platform: MAC, platformName: MAC, proxy: Proxy(), setWindowRect: true, strictFileInteractability: false, timeouts: {implicit: 0, pageLoad: 300000, script: 30000}, unhandledPromptBehavior: dismiss and notify, webauthn:extension:credBlob: true, webauthn:extension:largeBlob: true, webauthn:virtualAuthenticators: true}
Session ID: 1acf244507ecb0432d07d408f2bec86c
	at org.openqa.selenium.support.ui.WebDriverWait.timeoutException(WebDriverWait.java:95)
	at org.openqa.selenium.support.ui.FluentWait.until(FluentWait.java:272)
	at com.automation.steps.ManagerLoginSteps.the_manager_should_be_logged_in_to_their_manager_home_page(ManagerLoginSteps.java:36)
	at ✽.the manager should be logged in to their manager home page(classpath:features/ManagerLogin.feature:9)
&amp#27;[0m
]]></system-out>
  </testcase>
  <testcase name="As a manager, I want to sign out so I can prevent others from accessing my information" classname="Managers of our reimbursement application should be able to logout of their homepage" time="0.902"/>
</testsuite>