<?xml version="1.0" encoding="UTF-8"?>
<testsuite xmlns:xsi="http://www.w3.org/2001/XMLSchema-instance" xsi:noNamespaceSchemaLocation="https://maven.apache.org/surefire/maven-surefire-plugin/xsd/surefire-test-report.xsd" name="com.automation.runner.TestRunner" time="24.563" tests="5" errors="3" skipped="0" failures="0">
  <properties>
[...]
</properties>
  <testcase name="As a manager I want be able to approve reimbursement requests (POSITIVE)" classname="Managers of our reimbursement application should be able to approve reimbursement requests" time="1.485">
    <error type="java.lang.NullPointerException">java.lang.NullPointerException
</error>
    <system-out><![CDATA[
Scenario: As a manager I want be able to approve reimbursement requests (POSITIVE) &amp#27;[90m# features/ManagerApprove.feature:3&amp#27;[0m
  &amp#27;[32mGiven &amp#27;[0m&amp#27;[32mthe manager is on their personal manager homepage&amp#27;[0m                          &amp#27;[90m# com.automation.steps.ManagerCommonSteps.the_manager_is_on_their_personal_manager_homepage()&amp#27;[0m
  &amp#27;[32mWhen &amp#27;[0m&amp#27;[32mthe manager inputs a pending reimbursement request ID number&amp#27;[0m                &amp#27;[90m# com.automation.steps.ManagerCommonSteps.the_manager_inputs_a_pending_reimbursement_request_ID_number()&amp#27;[0m
  &amp#27;[32mWhen &amp#27;[0m&amp#27;[32mthe manager inputs a reason description&amp#27;[0m                                     &amp#27;[90m# com.automation.steps.ManagerCommonSteps.the_manager_inputs_a_reason_description()&amp#27;[0m
  &amp#27;[32mWhen &amp#27;[0m&amp#27;[32mthe manager selects approve&amp#27;[0m                                                 &amp#27;[90m# com.automation.steps.ManagerCommonSteps.the_manager_selects_approve()&amp#27;[0m
  &amp#27;[32mWhen &amp#27;[0m&amp#27;[32mthe manager clicks submit&amp#27;[0m                                                   &amp#27;[90m# com.automation.steps.ManagerCommonSteps.the_manager_clicks_submit()&amp#27;[0m
  &amp#27;[31mThen &amp#27;[0m&amp#27;[31mthe reimbursement request status should change from pending to approved&amp#27;[0m     &amp#27;[90m# com.automation.steps.ManagerRequestSteps.the_reimbursement_request_status_should_change_from_pending_to_approved()&amp#27;[0m
      &amp#27;[31mjava.lang.NullPointerException
	at org.openqa.selenium.support.ui.ExpectedConditions.getAttributeOrCssValue(ExpectedConditions.java:1139)
	at org.openqa.selenium.support.ui.ExpectedConditions.access$100(ExpectedConditions.java:43)
	at org.openqa.selenium.support.ui.ExpectedConditions$38.apply(ExpectedConditions.java:1084)
	at org.openqa.selenium.support.ui.ExpectedConditions$38.apply(ExpectedConditions.java:1079)
	at org.openqa.selenium.support.ui.FluentWait.until(FluentWait.java:249)
	at com.automation.steps.ManagerRequestSteps.the_reimbursement_request_status_should_change_from_pending_to_approved(ManagerRequestSteps.java:41)
	at âœ½.the reimbursement request status should change from pending to approved(classpath:features/ManagerApprove.feature:10)
&amp#27;[0m
]]></system-out>
    <system-err><![CDATA[Starting ChromeDriver 103.0.5060.53 (a1711811edd74ff1cf2150f36ffa3b0dae40b17f-refs/branch-heads/5060@{#853}) on port 43014
Only local connections are allowed.
Please see https://chromedriver.chromium.org/security-considerations for suggestions on keeping ChromeDriver safe.
ChromeDriver was started successfully.
Jul 27, 2022 2:13:08 PM org.openqa.selenium.remote.ProtocolHandshake createSession
INFO: Detected dialect: W3C
]]></system-err>
  </testcase>
  <testcase name="As a manager I want be able to deny reimbursement requests (POSITIVE)" classname="Managers of our reimbursement application should be able to deny reimbursement requessts" time="15.785">
    <error message="Expected condition failed: waiting for alert to be present (tried for 15 second(s) with 500 milliseconds interval)&#10;Build info: version: &apos;3.141.59&apos;, revision: &apos;e82be7d358&apos;, time: &apos;2018-11-14T08:17:03&apos;&#10;System info: host: &apos;DESKTOP-TUA62GE&apos;, ip: &apos;192.168.0.2&apos;, os.name: &apos;Windows 10&apos;, os.arch: &apos;amd64&apos;, os.version: &apos;10.0&apos;, java.version: &apos;1.8.0_332&apos;&#10;Driver info: org.openqa.selenium.chrome.ChromeDriver&#10;Capabilities {acceptInsecureCerts: false, browserName: chrome, browserVersion: 103.0.5060.114, chrome: {chromedriverVersion: 103.0.5060.53 (a1711811edd7..., userDataDir: C:\Users\lyndo\AppData\Loca...}, goog:chromeOptions: {debuggerAddress: localhost:50599}, javascriptEnabled: true, networkConnectionEnabled: false, pageLoadStrategy: normal, platform: WINDOWS, platformName: WINDOWS, proxy: Proxy(), setWindowRect: true, strictFileInteractability: false, timeouts: {implicit: 0, pageLoad: 300000, script: 30000}, unhandledPromptBehavior: dismiss and notify, webauthn:extension:credBlob: true, webauthn:extension:largeBlob: true, webauthn:virtualAuthenticators: true}&#10;Session ID: f9a41a62c2773bf442f7c47f5414ec94" type="org.openqa.selenium.TimeoutException">org.openqa.selenium.TimeoutException: 
Expected condition failed: waiting for alert to be present (tried for 15 second(s) with 500 milliseconds interval)
Build info: version: '3.141.59', revision: 'e82be7d358', time: '2018-11-14T08:17:03'
System info: host: 'DESKTOP-TUA62GE', ip: '192.168.0.2', os.name: 'Windows 10', os.arch: 'amd64', os.version: '10.0', java.version: '1.8.0_332'
Driver info: org.openqa.selenium.chrome.ChromeDriver
Capabilities {acceptInsecureCerts: false, browserName: chrome, browserVersion: 103.0.5060.114, chrome: {chromedriverVersion: 103.0.5060.53 (a1711811edd7..., userDataDir: C:\Users\lyndo\AppData\Loca...}, goog:chromeOptions: {debuggerAddress: localhost:50599}, javascriptEnabled: true, networkConnectionEnabled: false, pageLoadStrategy: normal, platform: WINDOWS, platformName: WINDOWS, proxy: Proxy(), setWindowRect: true, strictFileInteractability: false, timeouts: {implicit: 0, pageLoad: 300000, script: 30000}, unhandledPromptBehavior: dismiss and notify, webauthn:extension:credBlob: true, webauthn:extension:largeBlob: true, webauthn:virtualAuthenticators: true}
Session ID: f9a41a62c2773bf442f7c47f5414ec94
</error>
    <system-out><![CDATA[
Scenario: As a manager I want be able to deny reimbursement requests (POSITIVE) &amp#27;[90m# features/ManagerDeny.feature:3&amp#27;[0m
  &amp#27;[32mGiven &amp#27;[0m&amp#27;[32mthe manager is on their personal manager homepage&amp#27;[0m                       &amp#27;[90m# com.automation.steps.ManagerCommonSteps.the_manager_is_on_their_personal_manager_homepage()&amp#27;[0m
  &amp#27;[32mWhen &amp#27;[0m&amp#27;[32mthe manager inputs a pending reimbursement request ID number&amp#27;[0m             &amp#27;[90m# com.automation.steps.ManagerCommonSteps.the_manager_inputs_a_pending_reimbursement_request_ID_number()&amp#27;[0m
  &amp#27;[32mWhen &amp#27;[0m&amp#27;[32mthe manager inputs a reason description&amp#27;[0m                                  &amp#27;[90m# com.automation.steps.ManagerCommonSteps.the_manager_inputs_a_reason_description()&amp#27;[0m
  &amp#27;[32mWhen &amp#27;[0m&amp#27;[32mthe manager selects deny&amp#27;[0m                                                 &amp#27;[90m# com.automation.steps.ManagerRequestSteps.the_manager_selects_deny()&amp#27;[0m
  &amp#27;[31mWhen &amp#27;[0m&amp#27;[31mthe manager clicks submit&amp#27;[0m                                                &amp#27;[90m# com.automation.steps.ManagerCommonSteps.the_manager_clicks_submit()&amp#27;[0m
      &amp#27;[31morg.openqa.selenium.TimeoutException: Expected condition failed: waiting for alert to be present (tried for 15 second(s) with 500 milliseconds interval)
Build info: version: '3.141.59', revision: 'e82be7d358', time: '2018-11-14T08:17:03'
System info: host: 'DESKTOP-TUA62GE', ip: '192.168.0.2', os.name: 'Windows 10', os.arch: 'amd64', os.version: '10.0', java.version: '1.8.0_332'
Driver info: org.openqa.selenium.chrome.ChromeDriver
Capabilities {acceptInsecureCerts: false, browserName: chrome, browserVersion: 103.0.5060.114, chrome: {chromedriverVersion: 103.0.5060.53 (a1711811edd7..., userDataDir: C:\Users\lyndo\AppData\Loca...}, goog:chromeOptions: {debuggerAddress: localhost:50599}, javascriptEnabled: true, networkConnectionEnabled: false, pageLoadStrategy: normal, platform: WINDOWS, platformName: WINDOWS, proxy: Proxy(), setWindowRect: true, strictFileInteractability: false, timeouts: {implicit: 0, pageLoad: 300000, script: 30000}, unhandledPromptBehavior: dismiss and notify, webauthn:extension:credBlob: true, webauthn:extension:largeBlob: true, webauthn:virtualAuthenticators: true}
Session ID: f9a41a62c2773bf442f7c47f5414ec94
	at org.openqa.selenium.support.ui.WebDriverWait.timeoutException(WebDriverWait.java:95)
	at org.openqa.selenium.support.ui.FluentWait.until(FluentWait.java:272)
	at com.automation.poms.ManagerCommon.submitDecision(ManagerCommon.java:61)
	at com.automation.steps.ManagerCommonSteps.the_manager_clicks_submit(ManagerCommonSteps.java:45)
	at âœ½.the manager clicks submit(classpath:features/ManagerDeny.feature:9)
&amp#27;[0m
  &amp#27;[36mThen &amp#27;[0m&amp#27;[36mthe reimbursement request status should change from pending to denied&amp#27;[0m    &amp#27;[90m# com.automation.steps.ManagerRequestSteps.the_reimbursement_request_status_should_change_from_pending_to_denied()&amp#27;[0m
]]></system-out>
  </testcase>
  <testcase name="As a manager, I want to add a reimbursement request reason description so I can tell my employee why I approved or denied their request (POSITIVE)" classname="Managers of our reimbursement application should add a 500 character maximum reimbursement request reason description" time="0.971">
    <error type="java.lang.NullPointerException">java.lang.NullPointerException
</error>
    <system-out><![CDATA[
Scenario: As a manager, I want to add a reimbursement request reason description so I can tell my employee why I approved or denied their request (POSITIVE) &amp#27;[90m# features/ManagerDesc.feature:3&amp#27;[0m
  &amp#27;[32mGiven &amp#27;[0m&amp#27;[32mthe manager is on their personal manager homepage&amp#27;[0m                                                                                                    &amp#27;[90m# com.automation.steps.ManagerCommonSteps.the_manager_is_on_their_personal_manager_homepage()&amp#27;[0m
  &amp#27;[32mWhen &amp#27;[0m&amp#27;[32mthe manager inputs a pending reimbursement request ID number&amp#27;[0m                                                                                          &amp#27;[90m# com.automation.steps.ManagerCommonSteps.the_manager_inputs_a_pending_reimbursement_request_ID_number()&amp#27;[0m
  &amp#27;[32mWhen &amp#27;[0m&amp#27;[32mthe manager inputs in a 500 character maximum reimbursement request reason description&amp#27;[0m                                                                &amp#27;[90m# com.automation.steps.ManagerRequestSteps.the_manager_inputs_in_a_500_character_maximum_reimbursement_request_reason_description()&amp#27;[0m
  &amp#27;[32mWhen &amp#27;[0m&amp#27;[32mthe manager selects approve&amp#27;[0m                                                                                                                           &amp#27;[90m# com.automation.steps.ManagerCommonSteps.the_manager_selects_approve()&amp#27;[0m
  &amp#27;[32mWhen &amp#27;[0m&amp#27;[32mthe manager clicks submit&amp#27;[0m                                                                                                                             &amp#27;[90m# com.automation.steps.ManagerCommonSteps.the_manager_clicks_submit()&amp#27;[0m
  &amp#27;[31mThen &amp#27;[0m&amp#27;[31mthe manager should have approved a request alongside a reason&amp#27;[0m                                                                                         &amp#27;[90m# com.automation.steps.ManagerRequestSteps.the_manager_should_have_approved_a_request_alongside_a_reason()&amp#27;[0m
      &amp#27;[31mjava.lang.NullPointerException
	at org.openqa.selenium.support.ui.ExpectedConditions.getAttributeOrCssValue(ExpectedConditions.java:1139)
	at org.openqa.selenium.support.ui.ExpectedConditions.access$100(ExpectedConditions.java:43)
	at org.openqa.selenium.support.ui.ExpectedConditions$38.apply(ExpectedConditions.java:1084)
	at org.openqa.selenium.support.ui.ExpectedConditions$38.apply(ExpectedConditions.java:1079)
	at org.openqa.selenium.support.ui.FluentWait.until(FluentWait.java:249)
	at com.automation.steps.ManagerRequestSteps.the_manager_should_have_approved_a_request_alongside_a_reason(ManagerRequestSteps.java:27)
	at âœ½.the manager should have approved a request alongside a reason(classpath:features/ManagerDesc.feature:10)
&amp#27;[0m
]]></system-out>
  </testcase>
  <testcase name="As a manager I want to login in so I can view my custom homepage (POSITIVE)" classname="Managers of our reimbursement application should be able to log in to their personal manager homepage" time="2.804"/>
  <testcase name="As a manager, I want to sign out so I can prevent others from accessing my information" classname="Managers of our reimbursement application should be able to logout of their homepage" time="0.79"/>
</testsuite>